android/app/build/intermediates/manifest_merge_blame_file/debug/manifest-merger-blame-debug-report.txt
1<?xml version="1.0" encoding="utf-8"?>
2<manifest xmlns:android="http://schemas.android.com/apk/res/android"
3    package="com.rn_oreo"
4    android:versionCode="1600218808"
5    android:versionName="2.1.3" >
6
7    <uses-sdk
8        android:minSdkVersion="16"
9        android:targetSdkVersion="28" />
10
11    <uses-permission android:name="android.permission.SYSTEM_ALERT_WINDOW" />
11-->src/debug/AndroidManifest.xml:5:5-77
11-->src/debug/AndroidManifest.xml:5:22-75
12    <uses-permission android:name="android.permission.INTERNET" />
12-->src/main/AndroidManifest.xml:4:5-66
12-->src/main/AndroidManifest.xml:4:22-64
13    <uses-permission android:name="android.permission.ACCESS_WIFI_STATE" />
13-->[com.facebook.flipper:flipper:0.33.1] AndroidManifest.xml:16:5-76
13-->[com.facebook.flipper:flipper:0.33.1] AndroidManifest.xml:16:22-73
14    <uses-permission android:name="android.permission.WAKE_LOCK" />
14-->[:react-native-firebase_auth] AndroidManifest.xml:12:5-68
14-->[:react-native-firebase_auth] AndroidManifest.xml:12:22-65
15    <uses-permission android:name="android.permission.ACCESS_NETWORK_STATE" /> <!-- Required to access Google Play Licensing -->
15-->[:react-native-firebase_auth] AndroidManifest.xml:13:5-79
15-->[:react-native-firebase_auth] AndroidManifest.xml:13:22-76
16    <uses-permission android:name="com.android.vending.CHECK_LICENSE" /> <!-- Required to read and write the expansion files on shared storage -->
16-->[:rn-fetch-blob] AndroidManifest.xml:12:5-73
16-->[:rn-fetch-blob] AndroidManifest.xml:12:22-70
17    <uses-permission android:name="android.permission.WRITE_EXTERNAL_STORAGE" /> <!-- Create a unique permission for your app and use it so only your app can receive your OneSignal messages. -->
17-->[:rn-fetch-blob] AndroidManifest.xml:33:5-81
17-->[:rn-fetch-blob] AndroidManifest.xml:33:22-78
18    <permission
18-->[com.onesignal:OneSignal:3.13.2] AndroidManifest.xml:7:5-9:47
19        android:name="com.rn_oreo.permission.C2D_MESSAGE"
19-->[com.onesignal:OneSignal:3.13.2] AndroidManifest.xml:8:9-63
20        android:protectionLevel="signature" />
20-->[com.onesignal:OneSignal:3.13.2] AndroidManifest.xml:9:9-44
21
22    <uses-permission android:name="com.rn_oreo.permission.C2D_MESSAGE" />
22-->[com.onesignal:OneSignal:3.13.2] AndroidManifest.xml:11:5-79
22-->[com.onesignal:OneSignal:3.13.2] AndroidManifest.xml:11:22-76
23    <uses-permission android:name="com.google.android.c2dm.permission.RECEIVE" />
23-->[com.onesignal:OneSignal:3.13.2] AndroidManifest.xml:17:5-82
23-->[com.onesignal:OneSignal:3.13.2] AndroidManifest.xml:17:22-79
24    <!--
25 Required so the device vibrates on receiving a push notification.
26         Vibration settings of the device still apply.
27    -->
28    <uses-permission android:name="android.permission.VIBRATE" />
28-->[com.onesignal:OneSignal:3.13.2] AndroidManifest.xml:23:5-66
28-->[com.onesignal:OneSignal:3.13.2] AndroidManifest.xml:23:22-63
29    <!--
30 Use to restore notifications the user hasn't interacted with.
31         They could be missed notifications if the user reboots their device if this isn't in place.
32    -->
33    <uses-permission android:name="android.permission.RECEIVE_BOOT_COMPLETED" /> <!-- START: ShortcutBadger -->
33-->[com.onesignal:OneSignal:3.13.2] AndroidManifest.xml:29:5-81
33-->[com.onesignal:OneSignal:3.13.2] AndroidManifest.xml:29:22-78
34    <!-- Samsung -->
35    <uses-permission android:name="com.sec.android.provider.badge.permission.READ" />
35-->[com.onesignal:OneSignal:3.13.2] AndroidManifest.xml:31:5-86
35-->[com.onesignal:OneSignal:3.13.2] AndroidManifest.xml:31:22-83
36    <uses-permission android:name="com.sec.android.provider.badge.permission.WRITE" /> <!-- HTC -->
36-->[com.onesignal:OneSignal:3.13.2] AndroidManifest.xml:32:5-87
36-->[com.onesignal:OneSignal:3.13.2] AndroidManifest.xml:32:22-84
37    <uses-permission android:name="com.htc.launcher.permission.READ_SETTINGS" />
37-->[com.onesignal:OneSignal:3.13.2] AndroidManifest.xml:33:5-81
37-->[com.onesignal:OneSignal:3.13.2] AndroidManifest.xml:33:22-78
38    <uses-permission android:name="com.htc.launcher.permission.UPDATE_SHORTCUT" /> <!-- Sony -->
38-->[com.onesignal:OneSignal:3.13.2] AndroidManifest.xml:34:5-83
38-->[com.onesignal:OneSignal:3.13.2] AndroidManifest.xml:34:22-80
39    <uses-permission android:name="com.sonyericsson.home.permission.BROADCAST_BADGE" />
39-->[com.onesignal:OneSignal:3.13.2] AndroidManifest.xml:35:5-88
39-->[com.onesignal:OneSignal:3.13.2] AndroidManifest.xml:35:22-85
40    <uses-permission android:name="com.sonymobile.home.permission.PROVIDER_INSERT_BADGE" /> <!-- Apex -->
40-->[com.onesignal:OneSignal:3.13.2] AndroidManifest.xml:36:5-92
40-->[com.onesignal:OneSignal:3.13.2] AndroidManifest.xml:36:22-89
41    <uses-permission android:name="com.anddoes.launcher.permission.UPDATE_COUNT" /> <!-- Solid -->
41-->[com.onesignal:OneSignal:3.13.2] AndroidManifest.xml:37:5-84
41-->[com.onesignal:OneSignal:3.13.2] AndroidManifest.xml:37:22-81
42    <uses-permission android:name="com.majeur.launcher.permission.UPDATE_BADGE" /> <!-- Huawei -->
42-->[com.onesignal:OneSignal:3.13.2] AndroidManifest.xml:38:5-83
42-->[com.onesignal:OneSignal:3.13.2] AndroidManifest.xml:38:22-80
43    <uses-permission android:name="com.huawei.android.launcher.permission.CHANGE_BADGE" />
43-->[com.onesignal:OneSignal:3.13.2] AndroidManifest.xml:39:5-91
43-->[com.onesignal:OneSignal:3.13.2] AndroidManifest.xml:39:22-88
44    <uses-permission android:name="com.huawei.android.launcher.permission.READ_SETTINGS" />
44-->[com.onesignal:OneSignal:3.13.2] AndroidManifest.xml:40:5-92
44-->[com.onesignal:OneSignal:3.13.2] AndroidManifest.xml:40:22-89
45    <uses-permission android:name="com.huawei.android.launcher.permission.WRITE_SETTINGS" /> <!-- ZUK -->
45-->[com.onesignal:OneSignal:3.13.2] AndroidManifest.xml:41:5-93
45-->[com.onesignal:OneSignal:3.13.2] AndroidManifest.xml:41:22-90
46    <uses-permission android:name="android.permission.READ_APP_BADGE" /> <!-- OPPO -->
46-->[com.onesignal:OneSignal:3.13.2] AndroidManifest.xml:42:5-73
46-->[com.onesignal:OneSignal:3.13.2] AndroidManifest.xml:42:22-70
47    <uses-permission android:name="com.oppo.launcher.permission.READ_SETTINGS" />
47-->[com.onesignal:OneSignal:3.13.2] AndroidManifest.xml:43:5-82
47-->[com.onesignal:OneSignal:3.13.2] AndroidManifest.xml:43:22-79
48    <uses-permission android:name="com.oppo.launcher.permission.WRITE_SETTINGS" /> <!-- EvMe -->
48-->[com.onesignal:OneSignal:3.13.2] AndroidManifest.xml:44:5-83
48-->[com.onesignal:OneSignal:3.13.2] AndroidManifest.xml:44:22-80
49    <uses-permission android:name="me.everything.badger.permission.BADGE_COUNT_READ" />
49-->[com.onesignal:OneSignal:3.13.2] AndroidManifest.xml:45:5-88
49-->[com.onesignal:OneSignal:3.13.2] AndroidManifest.xml:45:22-85
50    <uses-permission android:name="me.everything.badger.permission.BADGE_COUNT_WRITE" />
50-->[com.onesignal:OneSignal:3.13.2] AndroidManifest.xml:46:5-89
50-->[com.onesignal:OneSignal:3.13.2] AndroidManifest.xml:46:22-86
51    <uses-permission android:name="com.google.android.finsky.permission.BIND_GET_INSTALL_REFERRER_SERVICE" />
51-->[com.google.android.gms:play-services-measurement:17.4.1] AndroidManifest.xml:26:5-110
51-->[com.google.android.gms:play-services-measurement:17.4.1] AndroidManifest.xml:26:22-107
52
53    <application
53-->src/main/AndroidManifest.xml:6:5-28:19
54        android:name="com.rn_oreo.MainApplication"
54-->src/main/AndroidManifest.xml:7:13-44
55        android:allowBackup="false"
55-->src/main/AndroidManifest.xml:11:13-40
56        android:appComponentFactory="androidx.core.app.CoreComponentFactory"
56-->[androidx.core:core:1.5.0-alpha03] AndroidManifest.xml:24:18-86
57        android:debuggable="true"
58        android:hardwareAccelerated="false"
58-->src/main/AndroidManifest.xml:13:13-48
59        android:icon="@mipmap/ic_launcher"
59-->src/main/AndroidManifest.xml:9:13-47
60        android:label="@string/app_name"
60-->src/main/AndroidManifest.xml:8:13-45
61        android:launchMode="singleTask"
61-->src/main/AndroidManifest.xml:14:13-44
62        android:roundIcon="@mipmap/ic_launcher_round"
62-->src/main/AndroidManifest.xml:10:13-58
63        android:supportsRtl="true"
63-->[com.facebook.android:facebook-login:7.1.0] AndroidManifest.xml:28:18-44
64        android:theme="@style/AppTheme"
64-->src/main/AndroidManifest.xml:12:13-44
65        android:usesCleartextTraffic="true" >
65-->src/debug/AndroidManifest.xml:7:18-53
66        <activity
66-->src/main/AndroidManifest.xml:15:9-25:20
67            android:name="com.rn_oreo.MainActivity"
67-->src/main/AndroidManifest.xml:16:17-45
68            android:configChanges="keyboard|keyboardHidden|orientation|screenSize|uiMode"
68-->src/main/AndroidManifest.xml:18:17-94
69            android:label="@string/app_name"
69-->src/main/AndroidManifest.xml:17:17-49
70            android:launchMode="singleTask"
70-->src/main/AndroidManifest.xml:19:17-48
71            android:windowSoftInputMode="adjustResize" >
71-->src/main/AndroidManifest.xml:20:17-59
72            <intent-filter>
72-->src/main/AndroidManifest.xml:21:13-24:29
73                <action android:name="android.intent.action.MAIN" />
73-->src/main/AndroidManifest.xml:22:17-68
73-->src/main/AndroidManifest.xml:22:25-66
74
75                <category android:name="android.intent.category.LAUNCHER" />
75-->src/main/AndroidManifest.xml:23:17-76
75-->src/main/AndroidManifest.xml:23:27-74
76            </intent-filter>
77        </activity>
78        <activity android:name="com.facebook.react.devsupport.DevSettingsActivity" />
78-->src/main/AndroidManifest.xml:26:9-85
78-->src/main/AndroidManifest.xml:26:19-83
79
80        <meta-data
80-->src/main/AndroidManifest.xml:27:9-107
81            android:name="com.facebook.sdk.ApplicationId"
81-->src/main/AndroidManifest.xml:27:20-65
82            android:value="@string/facebook_app_id" />
82-->src/main/AndroidManifest.xml:27:66-105
83
84        <provider
84-->[:react-native-file-viewer] AndroidManifest.xml:12:9-20:20
85            android:name="com.vinzscam.reactnativefileviewer.FileProvider"
85-->[:react-native-file-viewer] AndroidManifest.xml:13:13-75
86            android:authorities="com.rn_oreo.provider"
86-->[:react-native-file-viewer] AndroidManifest.xml:14:13-60
87            android:exported="false"
87-->[:react-native-file-viewer] AndroidManifest.xml:15:13-37
88            android:grantUriPermissions="true" >
88-->[:react-native-file-viewer] AndroidManifest.xml:16:13-47
89            <meta-data
89-->[:react-native-file-viewer] AndroidManifest.xml:17:13-19:70
90                android:name="android.support.FILE_PROVIDER_PATHS"
90-->[:react-native-file-viewer] AndroidManifest.xml:18:17-67
91                android:resource="@xml/file_viewer_provider_paths" />
91-->[:react-native-file-viewer] AndroidManifest.xml:19:17-67
92        </provider>
93        <provider
93-->[:react-native-webview] AndroidManifest.xml:12:9-20:20
94            android:name="com.reactnativecommunity.webview.RNCWebViewFileProvider"
94-->[:react-native-webview] AndroidManifest.xml:13:13-83
95            android:authorities="com.rn_oreo.fileprovider"
95-->[:react-native-webview] AndroidManifest.xml:14:13-64
96            android:exported="false"
96-->[:react-native-webview] AndroidManifest.xml:15:13-37
97            android:grantUriPermissions="true" >
97-->[:react-native-webview] AndroidManifest.xml:16:13-47
98            <meta-data
98-->[:react-native-file-viewer] AndroidManifest.xml:17:13-19:70
99                android:name="android.support.FILE_PROVIDER_PATHS"
99-->[:react-native-file-viewer] AndroidManifest.xml:18:17-67
100                android:resource="@xml/file_provider_paths" />
100-->[:react-native-file-viewer] AndroidManifest.xml:19:17-67
101        </provider>
102        <provider
102-->[:rn-fetch-blob] AndroidManifest.xml:36:9-44:20
103            android:name="com.RNFetchBlob.Utils.FileProvider"
103-->[:rn-fetch-blob] AndroidManifest.xml:37:13-62
104            android:authorities="com.rn_oreo.provider"
104-->[:rn-fetch-blob] AndroidManifest.xml:38:13-60
105            android:exported="false"
105-->[:rn-fetch-blob] AndroidManifest.xml:39:13-37
106            android:grantUriPermissions="true" >
106-->[:rn-fetch-blob] AndroidManifest.xml:40:13-47
107            <meta-data
107-->[:react-native-file-viewer] AndroidManifest.xml:17:13-19:70
108                android:name="android.support.FILE_PROVIDER_PATHS"
108-->[:react-native-file-viewer] AndroidManifest.xml:18:17-67
109                android:resource="@xml/provider_paths" />
109-->[:react-native-file-viewer] AndroidManifest.xml:19:17-67
110        </provider>
111
112        <meta-data
112-->[com.onesignal:OneSignal:3.13.2] AndroidManifest.xml:49:9-51:51
113            android:name="onesignal_app_id"
113-->[com.onesignal:OneSignal:3.13.2] AndroidManifest.xml:50:13-44
114            android:value="" /> <!-- Deprecated - Pulled from OneSignal dashboard. -->
114-->[com.onesignal:OneSignal:3.13.2] AndroidManifest.xml:51:13-48
115        <meta-data
115-->[com.onesignal:OneSignal:3.13.2] AndroidManifest.xml:53:9-55:70
116            android:name="onesignal_google_project_number"
116-->[com.onesignal:OneSignal:3.13.2] AndroidManifest.xml:54:13-59
117            android:value="str:REMOTE" />
117-->[com.onesignal:OneSignal:3.13.2] AndroidManifest.xml:55:13-67
118
119        <receiver
119-->[com.onesignal:OneSignal:3.13.2] AndroidManifest.xml:57:9-67:20
120            android:name="com.onesignal.GcmBroadcastReceiver"
120-->[com.onesignal:OneSignal:3.13.2] AndroidManifest.xml:58:13-62
121            android:permission="com.google.android.c2dm.permission.SEND" >
121-->[com.onesignal:OneSignal:3.13.2] AndroidManifest.xml:59:13-73
122
123            <!-- High priority so OneSignal payloads can be filtered from other GCM receivers if filterOtherGCMReceivers is enabled. -->
124            <intent-filter android:priority="999" >
124-->[com.onesignal:OneSignal:3.13.2] AndroidManifest.xml:62:13-66:29
124-->[com.onesignal:OneSignal:3.13.2] AndroidManifest.xml:62:28-50
125                <action android:name="com.google.android.c2dm.intent.RECEIVE" />
125-->[com.onesignal:OneSignal:3.13.2] AndroidManifest.xml:63:17-81
125-->[com.onesignal:OneSignal:3.13.2] AndroidManifest.xml:63:25-78
126
127                <category android:name="com.rn_oreo" />
127-->[com.onesignal:OneSignal:3.13.2] AndroidManifest.xml:65:17-61
127-->[com.onesignal:OneSignal:3.13.2] AndroidManifest.xml:65:27-58
128            </intent-filter>
129        </receiver>
130        <receiver android:name="com.onesignal.NotificationOpenedReceiver" />
130-->[com.onesignal:OneSignal:3.13.2] AndroidManifest.xml:68:9-77
130-->[com.onesignal:OneSignal:3.13.2] AndroidManifest.xml:68:19-74
131
132        <service android:name="com.onesignal.GcmIntentService" />
132-->[com.onesignal:OneSignal:3.13.2] AndroidManifest.xml:70:9-66
132-->[com.onesignal:OneSignal:3.13.2] AndroidManifest.xml:70:18-63
133        <service
133-->[com.onesignal:OneSignal:3.13.2] AndroidManifest.xml:71:9-73:72
134            android:name="com.onesignal.GcmIntentJobService"
134-->[com.onesignal:OneSignal:3.13.2] AndroidManifest.xml:72:13-61
135            android:permission="android.permission.BIND_JOB_SERVICE" />
135-->[com.onesignal:OneSignal:3.13.2] AndroidManifest.xml:73:13-69
136        <service
136-->[com.onesignal:OneSignal:3.13.2] AndroidManifest.xml:74:9-76:72
137            android:name="com.onesignal.RestoreJobService"
137-->[com.onesignal:OneSignal:3.13.2] AndroidManifest.xml:75:13-59
138            android:permission="android.permission.BIND_JOB_SERVICE" />
138-->[com.onesignal:OneSignal:3.13.2] AndroidManifest.xml:76:13-69
139        <service
139-->[com.onesignal:OneSignal:3.13.2] AndroidManifest.xml:77:9-79:72
140            android:name="com.onesignal.RestoreKickoffJobService"
140-->[com.onesignal:OneSignal:3.13.2] AndroidManifest.xml:78:13-66
141            android:permission="android.permission.BIND_JOB_SERVICE" />
141-->[com.onesignal:OneSignal:3.13.2] AndroidManifest.xml:79:13-69
142        <service
142-->[com.onesignal:OneSignal:3.13.2] AndroidManifest.xml:80:9-82:43
143            android:name="com.onesignal.SyncService"
143-->[com.onesignal:OneSignal:3.13.2] AndroidManifest.xml:81:13-53
144            android:stopWithTask="true" />
144-->[com.onesignal:OneSignal:3.13.2] AndroidManifest.xml:82:13-40
145        <service
145-->[com.onesignal:OneSignal:3.13.2] AndroidManifest.xml:83:9-85:72
146            android:name="com.onesignal.SyncJobService"
146-->[com.onesignal:OneSignal:3.13.2] AndroidManifest.xml:84:13-56
147            android:permission="android.permission.BIND_JOB_SERVICE" />
147-->[com.onesignal:OneSignal:3.13.2] AndroidManifest.xml:85:13-69
148
149        <activity
149-->[com.onesignal:OneSignal:3.13.2] AndroidManifest.xml:87:9-89:75
150            android:name="com.onesignal.PermissionsActivity"
150-->[com.onesignal:OneSignal:3.13.2] AndroidManifest.xml:88:13-61
151            android:theme="@android:style/Theme.Translucent.NoTitleBar" />
151-->[com.onesignal:OneSignal:3.13.2] AndroidManifest.xml:89:13-72
152
153        <service android:name="com.onesignal.NotificationRestoreService" />
153-->[com.onesignal:OneSignal:3.13.2] AndroidManifest.xml:91:9-76
153-->[com.onesignal:OneSignal:3.13.2] AndroidManifest.xml:91:18-73
154
155        <receiver android:name="com.onesignal.BootUpReceiver" >
155-->[com.onesignal:OneSignal:3.13.2] AndroidManifest.xml:93:9-98:20
155-->[com.onesignal:OneSignal:3.13.2] AndroidManifest.xml:93:19-62
156            <intent-filter>
156-->[com.onesignal:OneSignal:3.13.2] AndroidManifest.xml:94:13-97:29
157                <action android:name="android.intent.action.BOOT_COMPLETED" />
157-->[com.onesignal:OneSignal:3.13.2] AndroidManifest.xml:95:17-79
157-->[com.onesignal:OneSignal:3.13.2] AndroidManifest.xml:95:25-76
158                <action android:name="android.intent.action.QUICKBOOT_POWERON" />
158-->[com.onesignal:OneSignal:3.13.2] AndroidManifest.xml:96:17-82
158-->[com.onesignal:OneSignal:3.13.2] AndroidManifest.xml:96:25-79
159            </intent-filter>
160        </receiver>
161        <receiver android:name="com.onesignal.UpgradeReceiver" >
161-->[com.onesignal:OneSignal:3.13.2] AndroidManifest.xml:99:9-103:20
161-->[com.onesignal:OneSignal:3.13.2] AndroidManifest.xml:99:19-63
162            <intent-filter>
162-->[com.onesignal:OneSignal:3.13.2] AndroidManifest.xml:100:13-102:29
163                <action android:name="android.intent.action.MY_PACKAGE_REPLACED" />
163-->[com.onesignal:OneSignal:3.13.2] AndroidManifest.xml:101:17-84
163-->[com.onesignal:OneSignal:3.13.2] AndroidManifest.xml:101:25-81
164            </intent-filter>
165        </receiver>
166
167        <activity
167-->[com.facebook.android:facebook-common:7.1.0] AndroidManifest.xml:30:9-33:66
168            android:name="com.facebook.FacebookActivity"
168-->[com.facebook.android:facebook-common:7.1.0] AndroidManifest.xml:31:13-57
169            android:configChanges="keyboard|keyboardHidden|screenLayout|screenSize|orientation"
169-->[com.facebook.android:facebook-common:7.1.0] AndroidManifest.xml:32:13-96
170            android:theme="@style/com_facebook_activity_theme" />
170-->[com.facebook.android:facebook-common:7.1.0] AndroidManifest.xml:33:13-63
171        <activity android:name="com.facebook.CustomTabMainActivity" />
171-->[com.facebook.android:facebook-common:7.1.0] AndroidManifest.xml:34:9-71
171-->[com.facebook.android:facebook-common:7.1.0] AndroidManifest.xml:34:19-68
172        <activity
172-->[com.facebook.android:facebook-common:7.1.0] AndroidManifest.xml:35:9-49:20
173            android:name="com.facebook.CustomTabActivity"
173-->[com.facebook.android:facebook-common:7.1.0] AndroidManifest.xml:36:13-58
174            android:exported="true" >
174-->[com.facebook.android:facebook-common:7.1.0] AndroidManifest.xml:37:13-36
175            <intent-filter>
175-->[com.facebook.android:facebook-common:7.1.0] AndroidManifest.xml:39:13-48:29
176                <action android:name="android.intent.action.VIEW" />
176-->[com.facebook.android:facebook-common:7.1.0] AndroidManifest.xml:40:17-69
176-->[com.facebook.android:facebook-common:7.1.0] AndroidManifest.xml:40:25-66
177
178                <category android:name="android.intent.category.DEFAULT" />
178-->[com.facebook.android:facebook-common:7.1.0] AndroidManifest.xml:42:17-76
178-->[com.facebook.android:facebook-common:7.1.0] AndroidManifest.xml:42:27-73
179                <category android:name="android.intent.category.BROWSABLE" />
179-->[com.facebook.android:facebook-common:7.1.0] AndroidManifest.xml:43:17-78
179-->[com.facebook.android:facebook-common:7.1.0] AndroidManifest.xml:43:27-75
180
181                <data
181-->[com.facebook.android:facebook-common:7.1.0] AndroidManifest.xml:45:17-47:50
182                    android:host="cct.com.rn_oreo"
182-->[com.facebook.android:facebook-common:7.1.0] AndroidManifest.xml:46:21-56
183                    android:scheme="fbconnect" />
183-->[com.facebook.android:facebook-common:7.1.0] AndroidManifest.xml:47:21-47
184            </intent-filter>
185        </activity>
186        <!--
187             FirebaseMessagingService performs security checks at runtime,
188             but set to not exported to explicitly avoid allowing another app to call it.
189        -->
190        <service
190-->[com.google.firebase:firebase-messaging:20.1.7] AndroidManifest.xml:28:9-34:19
191            android:name="com.google.firebase.messaging.FirebaseMessagingService"
191-->[com.google.firebase:firebase-messaging:20.1.7] AndroidManifest.xml:29:13-82
192            android:exported="false" >
192-->[com.google.firebase:firebase-messaging:20.1.7] AndroidManifest.xml:30:13-37
193            <intent-filter android:priority="-500" >
193-->[com.google.firebase:firebase-messaging:20.1.7] AndroidManifest.xml:31:13-33:29
193-->[com.google.firebase:firebase-messaging:20.1.7] AndroidManifest.xml:31:28-51
194                <action android:name="com.google.firebase.MESSAGING_EVENT" />
194-->[com.google.firebase:firebase-messaging:20.1.7] AndroidManifest.xml:32:17-78
194-->[com.google.firebase:firebase-messaging:20.1.7] AndroidManifest.xml:32:25-75
195            </intent-filter>
196        </service>
197        <service
197-->[com.google.firebase:firebase-messaging:20.1.7] AndroidManifest.xml:35:9-41:19
198            android:name="com.google.firebase.components.ComponentDiscoveryService"
198-->[com.google.firebase:firebase-messaging:20.1.7] AndroidManifest.xml:36:13-84
199            android:directBootAware="true"
199-->[com.google.firebase:firebase-common:19.3.0] AndroidManifest.xml:34:13-43
200            android:exported="false" >
200-->[com.google.firebase:firebase-messaging:20.1.7] AndroidManifest.xml:37:13-37
201            <meta-data
201-->[com.google.firebase:firebase-messaging:20.1.7] AndroidManifest.xml:38:13-40:85
202                android:name="com.google.firebase.components:com.google.firebase.messaging.FirebaseMessagingRegistrar"
202-->[com.google.firebase:firebase-messaging:20.1.7] AndroidManifest.xml:39:17-119
203                android:value="com.google.firebase.components.ComponentRegistrar" />
203-->[com.google.firebase:firebase-messaging:20.1.7] AndroidManifest.xml:40:17-82
204            <meta-data
204-->[com.google.firebase:firebase-datatransport:17.0.3] AndroidManifest.xml:28:13-30:85
205                android:name="com.google.firebase.components:com.google.firebase.datatransport.TransportRegistrar"
205-->[com.google.firebase:firebase-datatransport:17.0.3] AndroidManifest.xml:29:17-115
206                android:value="com.google.firebase.components.ComponentRegistrar" />
206-->[com.google.firebase:firebase-datatransport:17.0.3] AndroidManifest.xml:30:17-82
207            <meta-data
207-->[com.google.firebase:firebase-auth:19.3.1] AndroidManifest.xml:36:13-38:85
208                android:name="com.google.firebase.components:com.google.firebase.auth.FirebaseAuthRegistrar"
208-->[com.google.firebase:firebase-auth:19.3.1] AndroidManifest.xml:37:17-109
209                android:value="com.google.firebase.components.ComponentRegistrar" />
209-->[com.google.firebase:firebase-auth:19.3.1] AndroidManifest.xml:38:17-82
210            <meta-data
210-->[com.google.android.gms:play-services-measurement-api:17.4.1] AndroidManifest.xml:30:13-32:85
211                android:name="com.google.firebase.components:com.google.firebase.analytics.connector.internal.AnalyticsConnectorRegistrar"
211-->[com.google.android.gms:play-services-measurement-api:17.4.1] AndroidManifest.xml:31:17-139
212                android:value="com.google.firebase.components.ComponentRegistrar" />
212-->[com.google.android.gms:play-services-measurement-api:17.4.1] AndroidManifest.xml:32:17-82
213            <meta-data
213-->[com.google.firebase:firebase-iid:20.1.7] AndroidManifest.xml:32:13-34:85
214                android:name="com.google.firebase.components:com.google.firebase.iid.Registrar"
214-->[com.google.firebase:firebase-iid:20.1.7] AndroidManifest.xml:33:17-96
215                android:value="com.google.firebase.components.ComponentRegistrar" />
215-->[com.google.firebase:firebase-iid:20.1.7] AndroidManifest.xml:34:17-82
216            <meta-data
216-->[com.google.firebase:firebase-installations:16.3.0] AndroidManifest.xml:17:13-19:85
217                android:name="com.google.firebase.components:com.google.firebase.installations.FirebaseInstallationsRegistrar"
217-->[com.google.firebase:firebase-installations:16.3.0] AndroidManifest.xml:18:17-127
218                android:value="com.google.firebase.components.ComponentRegistrar" />
218-->[com.google.firebase:firebase-installations:16.3.0] AndroidManifest.xml:19:17-82
219        </service>
220        <service
220-->[com.google.android.datatransport:transport-backend-cct:2.2.0] AndroidManifest.xml:29:9-35:19
221            android:name="com.google.android.datatransport.runtime.backends.TransportBackendDiscovery"
221-->[com.google.android.datatransport:transport-backend-cct:2.2.0] AndroidManifest.xml:30:13-103
222            android:exported="false" >
222-->[com.google.android.datatransport:transport-backend-cct:2.2.0] AndroidManifest.xml:31:13-37
223            <meta-data
223-->[com.google.android.datatransport:transport-backend-cct:2.2.0] AndroidManifest.xml:32:13-34:39
224                android:name="backend:com.google.android.datatransport.cct.CctBackendFactory"
224-->[com.google.android.datatransport:transport-backend-cct:2.2.0] AndroidManifest.xml:33:17-94
225                android:value="cct" />
225-->[com.google.android.datatransport:transport-backend-cct:2.2.0] AndroidManifest.xml:34:17-36
226        </service>
227        <service
227-->[com.google.android.datatransport:transport-runtime:2.2.0] AndroidManifest.xml:26:9-30:19
228            android:name="com.google.android.datatransport.runtime.scheduling.jobscheduling.JobInfoSchedulerService"
228-->[com.google.android.datatransport:transport-runtime:2.2.0] AndroidManifest.xml:27:13-117
229            android:exported="false"
229-->[com.google.android.datatransport:transport-runtime:2.2.0] AndroidManifest.xml:28:13-37
230            android:permission="android.permission.BIND_JOB_SERVICE" >
230-->[com.google.android.datatransport:transport-runtime:2.2.0] AndroidManifest.xml:29:13-69
231        </service>
232
233        <receiver
233-->[com.google.android.datatransport:transport-runtime:2.2.0] AndroidManifest.xml:32:9-34:40
234            android:name="com.google.android.datatransport.runtime.scheduling.jobscheduling.AlarmManagerSchedulerBroadcastReceiver"
234-->[com.google.android.datatransport:transport-runtime:2.2.0] AndroidManifest.xml:33:13-132
235            android:exported="false" />
235-->[com.google.android.datatransport:transport-runtime:2.2.0] AndroidManifest.xml:34:13-37
236
237        <activity
237-->[com.google.android.gms:play-services-auth:17.0.0] AndroidManifest.xml:23:9-27:75
238            android:name="com.google.android.gms.auth.api.signin.internal.SignInHubActivity"
238-->[com.google.android.gms:play-services-auth:17.0.0] AndroidManifest.xml:24:13-93
239            android:excludeFromRecents="true"
239-->[com.google.android.gms:play-services-auth:17.0.0] AndroidManifest.xml:25:13-46
240            android:exported="false"
240-->[com.google.android.gms:play-services-auth:17.0.0] AndroidManifest.xml:26:13-37
241            android:theme="@android:style/Theme.Translucent.NoTitleBar" />
241-->[com.google.android.gms:play-services-auth:17.0.0] AndroidManifest.xml:27:13-72
242        <!--
243            Service handling Google Sign-In user revocation. For apps that do not integrate with
244            Google Sign-In, this service will never be started.
245        -->
246        <service
246-->[com.google.android.gms:play-services-auth:17.0.0] AndroidManifest.xml:33:9-36:110
247            android:name="com.google.android.gms.auth.api.signin.RevocationBoundService"
247-->[com.google.android.gms:play-services-auth:17.0.0] AndroidManifest.xml:34:13-89
248            android:exported="true"
248-->[com.google.android.gms:play-services-auth:17.0.0] AndroidManifest.xml:35:13-36
249            android:permission="com.google.android.gms.auth.api.signin.permission.REVOCATION_NOTIFICATION" />
249-->[com.google.android.gms:play-services-auth:17.0.0] AndroidManifest.xml:36:13-107
250
251        <activity
251-->[com.google.firebase:firebase-auth:19.3.1] AndroidManifest.xml:24:9-31:50
252            android:name="com.google.firebase.auth.internal.FederatedSignInActivity"
252-->[com.google.firebase:firebase-auth:19.3.1] AndroidManifest.xml:25:13-85
253            android:excludeFromRecents="true"
253-->[com.google.firebase:firebase-auth:19.3.1] AndroidManifest.xml:26:13-46
254            android:exported="true"